<?xml version="1.0" encoding="UTF-8" standalone="no"?>
<testsuite errors="0" failures="4" name="io.cucumber.core.plugin.JUnitFormatter" skipped="0" tests="15" time="89.842">
<testcase classname="Scenarios for open MRS application" name="Login to Application" time="2.887">
<system-out><![CDATA[Given I am on MRS Login Page................................................passed
When I enter "Admin" and "Admin123" for username and Password...............passed
And Select any Location for the session.....................................passed
And Click on Login..........................................................passed
Then Login should be successful.............................................passed
]]></system-out>
</testcase>
<testcase classname="Scenarios for open MRS application" name="Register Patient" time="9.43">
<system-out><![CDATA[Given I am on MRS Home Page.................................................passed
When I click on Register for a patient......................................passed
Then Register Patient Page must be displayed................................passed
]]></system-out>
</testcase>
<testcase classname="Scenarios for open MRS application" name="Provide Demographics of the patient" time="0.677">
<system-out><![CDATA[Given I am on Register a patient Page.......................................passed
When I give the patients name...............................................passed
And Click on Next...........................................................passed
Then Gender Screen Must be displayed........................................passed
]]></system-out>
</testcase>
<testcase classname="Scenarios for open MRS application" name="Provide Gender of the Patient" time="0.233">
<system-out><![CDATA[Given I am on Gender Screen.................................................passed
When I select Gender........................................................passed
And Click on Next...........................................................passed
Then Birthdate Screen must be displayed.....................................passed
]]></system-out>
</testcase>
<testcase classname="Scenarios for open MRS application" name="Provide Birthdate of the Patient" time="0.641">
<system-out><![CDATA[Given I am on BirthDate Screen..............................................passed
When I give the Birth date..................................................passed
And Click on Next...........................................................passed
Then Address Screen must be displayed.......................................passed
]]></system-out>
</testcase>
<testcase classname="Scenarios for open MRS application" name="Provide address of the patient" time="1.056">
<system-out><![CDATA[Given I am on Address Screen................................................passed
When I give the address of the patient......................................passed
And Click on Next...........................................................passed
Then Phone Number Screen must be displayed..................................passed
]]></system-out>
</testcase>
<testcase classname="Scenarios for open MRS application" name="Provide Phone number of the patient" time="0.517">
<system-out><![CDATA[Given I am on Phone Number Screen...........................................passed
When I give the Phone number................................................passed
And Click on Next...........................................................passed
Then Relatives Screen must be displayed.....................................passed
]]></system-out>
</testcase>
<testcase classname="Scenarios for open MRS application" name="Provide Relatives info" time="9.315">
<system-out><![CDATA[Given I am on Relatives Screen..............................................passed
When I give the Relatives info..............................................passed
And Click on Next...........................................................passed
And Click on Confirm........................................................passed
Then Patients Dashboard Page must be displayed..............................passed
]]></system-out>
</testcase>
<testcase classname="Scenarios for open MRS application" name="Find Patient" time="4.152">
<system-out><![CDATA[Given I am on Home Page.....................................................passed
When I click on Find Patient Record.........................................passed
Then Find Patient Record Page must be displayed.............................passed
]]></system-out>
</testcase>
<testcase classname="Scenarios for open MRS application" name="View Patient" time="3.313">
<system-out><![CDATA[Given I am on Find Patient Record Page......................................passed
When I Search by Name.......................................................passed
Then Patients record should be displayed with correct info..................passed
]]></system-out>
</testcase>
<testcase classname="Scenarios for open MRS application" name="Book an Appointment for the patient" time="0.052">
<failure message="The scenario has pending or undefined step(s)" type="java.lang.Exception"><![CDATA[Given I am on Patients Dashboard Page.......................................passed
When I Click on Schedule Appointment........................................undefined
Then Manage Appointments Page must be displayed.............................skipped
]]></failure>
</testcase>
<testcase classname="Scenarios for open MRS application" name="Add an attachment to the patient" time="2.375">
<system-out><![CDATA[Given I am on Patients Dashboard Page.......................................passed
When I Click on Attachments.................................................passed
Then Attachments Screen must be displayed...................................passed
]]></system-out>
</testcase>
<testcase classname="Scenarios for open MRS application" name="Add the attachment" time="5.329">
<failure message="Expected condition failed: waiting for element to be clickable: By.cssSelector: textarea[placeholder='Enter a note'] (tried for 5 second(s) with 500 milliseconds interval)&#10;Build info: version: '4.4.0', revision: 'e5c75ed026a'&#10;System info: host: 'DVCINH6099148', ip: '192.168.208.1', os.name: 'Windows 10', os.arch: 'amd64', os.version: '10.0', java.version: '1.8.0_301'&#10;Driver info: org.openqa.selenium.chrome.ChromeDriver&#10;Capabilities {acceptInsecureCerts: false, browserName: chrome, browserVersion: 105.0.5195.102, chrome: {chromedriverVersion: 105.0.5195.52 (412c95e51883..., userDataDir: C:\Users\soumyb\AppData\Loc...}, goog:chromeOptions: {debuggerAddress: localhost:3714}, networkConnectionEnabled: false, pageLoadStrategy: normal, platformName: WINDOWS, proxy: Proxy(), se:cdp: ws://localhost:3714/devtool..., se:cdpVersion: 105.0.5195.102, setWindowRect: true, strictFileInteractability: false, timeouts: {implicit: 0, pageLoad: 300000, script: 30000}, unhandledPromptBehavior: dismiss and notify, webauthn:extension:credBlob: true, webauthn:extension:largeBlob: true, webauthn:virtualAuthenticators: true}&#10;Session ID: 3435e11f117c37bb0d4dc6ae161a1396" type="org.openqa.selenium.TimeoutException"><![CDATA[Given I am on Attachments Page..............................................passed
When I type for the attachment..............................................failed
Then File must be attached..................................................skipped

StackTrace:
org.openqa.selenium.TimeoutException: Expected condition failed: waiting for element to be clickable: By.cssSelector: textarea[placeholder='Enter a note'] (tried for 5 second(s) with 500 milliseconds interval)
Build info: version: '4.4.0', revision: 'e5c75ed026a'
System info: host: 'DVCINH6099148', ip: '192.168.208.1', os.name: 'Windows 10', os.arch: 'amd64', os.version: '10.0', java.version: '1.8.0_301'
Driver info: org.openqa.selenium.chrome.ChromeDriver
Capabilities {acceptInsecureCerts: false, browserName: chrome, browserVersion: 105.0.5195.102, chrome: {chromedriverVersion: 105.0.5195.52 (412c95e51883..., userDataDir: C:\Users\soumyb\AppData\Loc...}, goog:chromeOptions: {debuggerAddress: localhost:3714}, networkConnectionEnabled: false, pageLoadStrategy: normal, platformName: WINDOWS, proxy: Proxy(), se:cdp: ws://localhost:3714/devtool..., se:cdpVersion: 105.0.5195.102, setWindowRect: true, strictFileInteractability: false, timeouts: {implicit: 0, pageLoad: 300000, script: 30000}, unhandledPromptBehavior: dismiss and notify, webauthn:extension:credBlob: true, webauthn:extension:largeBlob: true, webauthn:virtualAuthenticators: true}
Session ID: 3435e11f117c37bb0d4dc6ae161a1396
	at org.openqa.selenium.support.ui.WebDriverWait.timeoutException(WebDriverWait.java:87)
	at org.openqa.selenium.support.ui.FluentWait.until(FluentWait.java:231)
	at stepDef.openMrsStep.i_type_for_the_attachment(openMrsStep.java:413)
	at ✽.I type for the attachment(classpath:Feature//openMRS.feature:107)
]]></failure>
</testcase>
<testcase classname="Scenarios for open MRS application" name="Delete a Patient" time="16.655">
<failure message="Expected condition failed: waiting for visibility of element located by By.xpath: //*[@class='dataTables_empty']/tbody/tr/td (tried for 7 second(s) with 500 milliseconds interval)&#10;Build info: version: '4.4.0', revision: 'e5c75ed026a'&#10;System info: host: 'DVCINH6099148', ip: '192.168.208.1', os.name: 'Windows 10', os.arch: 'amd64', os.version: '10.0', java.version: '1.8.0_301'&#10;Driver info: org.openqa.selenium.chrome.ChromeDriver&#10;Capabilities {acceptInsecureCerts: false, browserName: chrome, browserVersion: 105.0.5195.102, chrome: {chromedriverVersion: 105.0.5195.52 (412c95e51883..., userDataDir: C:\Users\soumyb\AppData\Loc...}, goog:chromeOptions: {debuggerAddress: localhost:3714}, networkConnectionEnabled: false, pageLoadStrategy: normal, platformName: WINDOWS, proxy: Proxy(), se:cdp: ws://localhost:3714/devtool..., se:cdpVersion: 105.0.5195.102, setWindowRect: true, strictFileInteractability: false, timeouts: {implicit: 0, pageLoad: 300000, script: 30000}, unhandledPromptBehavior: dismiss and notify, webauthn:extension:credBlob: true, webauthn:extension:largeBlob: true, webauthn:virtualAuthenticators: true}&#10;Session ID: 3435e11f117c37bb0d4dc6ae161a1396" type="org.openqa.selenium.TimeoutException"><![CDATA[Given I am on Patients Dashboard Screen.....................................passed
When I click on Delete Patient..............................................passed
And I give the Reason and Submit............................................passed
Then Patient must be Deleted Successfully...................................failed

StackTrace:
org.openqa.selenium.TimeoutException: Expected condition failed: waiting for visibility of element located by By.xpath: //*[@class='dataTables_empty']/tbody/tr/td (tried for 7 second(s) with 500 milliseconds interval)
Build info: version: '4.4.0', revision: 'e5c75ed026a'
System info: host: 'DVCINH6099148', ip: '192.168.208.1', os.name: 'Windows 10', os.arch: 'amd64', os.version: '10.0', java.version: '1.8.0_301'
Driver info: org.openqa.selenium.chrome.ChromeDriver
Capabilities {acceptInsecureCerts: false, browserName: chrome, browserVersion: 105.0.5195.102, chrome: {chromedriverVersion: 105.0.5195.52 (412c95e51883..., userDataDir: C:\Users\soumyb\AppData\Loc...}, goog:chromeOptions: {debuggerAddress: localhost:3714}, networkConnectionEnabled: false, pageLoadStrategy: normal, platformName: WINDOWS, proxy: Proxy(), se:cdp: ws://localhost:3714/devtool..., se:cdpVersion: 105.0.5195.102, setWindowRect: true, strictFileInteractability: false, timeouts: {implicit: 0, pageLoad: 300000, script: 30000}, unhandledPromptBehavior: dismiss and notify, webauthn:extension:credBlob: true, webauthn:extension:largeBlob: true, webauthn:virtualAuthenticators: true}
Session ID: 3435e11f117c37bb0d4dc6ae161a1396
	at org.openqa.selenium.support.ui.WebDriverWait.timeoutException(WebDriverWait.java:87)
	at org.openqa.selenium.support.ui.FluentWait.until(FluentWait.java:231)
	at stepDef.openMrsStep.patient_must_be_deleted_successfully(openMrsStep.java:461)
	at ✽.Patient must be Deleted Successfully(classpath:Feature//openMRS.feature:115)
]]></failure>
</testcase>
<testcase classname="Scenarios for open MRS application" name="Logout of the application" time="5.049">
<failure message="no such element: Unable to locate element: {&quot;method&quot;:&quot;css selector&quot;,&quot;selector&quot;:&quot;span[class='PersonName-givenName']&quot;}&#10;  (Session info: chrome=105.0.5195.102)&#10;For documentation on this error, please visit: https://selenium.dev/exceptions/#no_such_element&#10;Build info: version: '4.4.0', revision: 'e5c75ed026a'&#10;System info: host: 'DVCINH6099148', ip: '192.168.208.1', os.name: 'Windows 10', os.arch: 'amd64', os.version: '10.0', java.version: '1.8.0_301'&#10;Driver info: org.openqa.selenium.chrome.ChromeDriver&#10;Command: [3435e11f117c37bb0d4dc6ae161a1396, findElement {using=css selector, value=span[class='PersonName-givenName']}]&#10;Capabilities {acceptInsecureCerts: false, browserName: chrome, browserVersion: 105.0.5195.102, chrome: {chromedriverVersion: 105.0.5195.52 (412c95e51883..., userDataDir: C:\Users\soumyb\AppData\Loc...}, goog:chromeOptions: {debuggerAddress: localhost:3714}, networkConnectionEnabled: false, pageLoadStrategy: normal, platformName: WINDOWS, proxy: Proxy(), se:cdp: ws://localhost:3714/devtool..., se:cdpVersion: 105.0.5195.102, setWindowRect: true, strictFileInteractability: false, timeouts: {implicit: 0, pageLoad: 300000, script: 30000}, unhandledPromptBehavior: dismiss and notify, webauthn:extension:credBlob: true, webauthn:extension:largeBlob: true, webauthn:virtualAuthenticators: true}&#10;Session ID: 3435e11f117c37bb0d4dc6ae161a1396" type="org.openqa.selenium.NoSuchElementException"><![CDATA[Given I am on Home Page.....................................................failed
When I click on Logout......................................................skipped
Then I should be logged out of the application successfully.................skipped

StackTrace:
org.openqa.selenium.NoSuchElementException: no such element: Unable to locate element: {"method":"css selector","selector":"span[class='PersonName-givenName']"}
  (Session info: chrome=105.0.5195.102)
For documentation on this error, please visit: https://selenium.dev/exceptions/#no_such_element
Build info: version: '4.4.0', revision: 'e5c75ed026a'
System info: host: 'DVCINH6099148', ip: '192.168.208.1', os.name: 'Windows 10', os.arch: 'amd64', os.version: '10.0', java.version: '1.8.0_301'
Driver info: org.openqa.selenium.chrome.ChromeDriver
Command: [3435e11f117c37bb0d4dc6ae161a1396, findElement {using=css selector, value=span[class='PersonName-givenName']}]
Capabilities {acceptInsecureCerts: false, browserName: chrome, browserVersion: 105.0.5195.102, chrome: {chromedriverVersion: 105.0.5195.52 (412c95e51883..., userDataDir: C:\Users\soumyb\AppData\Loc...}, goog:chromeOptions: {debuggerAddress: localhost:3714}, networkConnectionEnabled: false, pageLoadStrategy: normal, platformName: WINDOWS, proxy: Proxy(), se:cdp: ws://localhost:3714/devtool..., se:cdpVersion: 105.0.5195.102, setWindowRect: true, strictFileInteractability: false, timeouts: {implicit: 0, pageLoad: 300000, script: 30000}, unhandledPromptBehavior: dismiss and notify, webauthn:extension:credBlob: true, webauthn:extension:largeBlob: true, webauthn:virtualAuthenticators: true}
Session ID: 3435e11f117c37bb0d4dc6ae161a1396
	at sun.reflect.NativeConstructorAccessorImpl.newInstance0(Native Method)
	at sun.reflect.NativeConstructorAccessorImpl.newInstance(NativeConstructorAccessorImpl.java:62)
	at sun.reflect.DelegatingConstructorAccessorImpl.newInstance(DelegatingConstructorAccessorImpl.java:45)
	at java.lang.reflect.Constructor.newInstance(Constructor.java:423)
	at org.openqa.selenium.remote.codec.w3c.W3CHttpResponseCodec.createException(W3CHttpResponseCodec.java:200)
	at org.openqa.selenium.remote.codec.w3c.W3CHttpResponseCodec.decode(W3CHttpResponseCodec.java:133)
	at org.openqa.selenium.remote.codec.w3c.W3CHttpResponseCodec.decode(W3CHttpResponseCodec.java:53)
	at org.openqa.selenium.remote.HttpCommandExecutor.execute(HttpCommandExecutor.java:184)
	at org.openqa.selenium.remote.service.DriverCommandExecutor.invokeExecute(DriverCommandExecutor.java:167)
	at org.openqa.selenium.remote.service.DriverCommandExecutor.execute(DriverCommandExecutor.java:142)
	at org.openqa.selenium.remote.RemoteWebDriver.execute(RemoteWebDriver.java:547)
	at org.openqa.selenium.remote.ElementLocation$ElementFinder$2.findElement(ElementLocation.java:162)
	at org.openqa.selenium.remote.ElementLocation.findElement(ElementLocation.java:60)
	at org.openqa.selenium.remote.RemoteWebDriver.findElement(RemoteWebDriver.java:365)
	at org.openqa.selenium.remote.RemoteWebDriver.findElement(RemoteWebDriver.java:357)
	at stepDef.openMrsStep.i_am_on_home_page(openMrsStep.java:284)
	at ✽.I am on Home Page(classpath:Feature//openMRS.feature:119)
]]></failure>
</testcase>
</testsuite>
