<?xml version="1.0" encoding="UTF-8" standalone="no"?>
<testsuite errors="0" failures="1" name="io.cucumber.core.plugin.JUnitFormatter" skipped="0" tests="14" time="81.184">
<testcase classname="Scenarios for open MRS application" name="Login to Application" time="4.548">
<system-out><![CDATA[Given I am on MRS Login Page................................................passed
When I enter "Admin" and "Admin123" for username and Password...............passed
And Select any Location for the session.....................................passed
And Click on Login..........................................................passed
Then Login should be successful.............................................passed
]]></system-out>
</testcase>
<testcase classname="Scenarios for open MRS application" name="Register Patient" time="6.285">
<system-out><![CDATA[Given I am on MRS Home Page.................................................passed
When I click on Register for a patient......................................passed
Then Register Patient Page must be displayed................................passed
]]></system-out>
</testcase>
<testcase classname="Scenarios for open MRS application" name="Provide Demographics of the patient" time="0.643">
<system-out><![CDATA[Given I am on Register a patient Page.......................................passed
When I give the patients name...............................................passed
And Click on Next...........................................................passed
Then Gender Screen Must be displayed........................................passed
]]></system-out>
</testcase>
<testcase classname="Scenarios for open MRS application" name="Provide Gender of the Patient" time="0.286">
<system-out><![CDATA[Given I am on Gender Screen.................................................passed
When I select Gender........................................................passed
And Click on Next...........................................................passed
Then Birthdate Screen must be displayed.....................................passed
]]></system-out>
</testcase>
<testcase classname="Scenarios for open MRS application" name="Provide Birthdate of the Patient" time="0.881">
<system-out><![CDATA[Given I am on BirthDate Screen..............................................passed
When I give the Birth date..................................................passed
And Click on Next...........................................................passed
Then Address Screen must be displayed.......................................passed
]]></system-out>
</testcase>
<testcase classname="Scenarios for open MRS application" name="Provide address of the patient" time="1.095">
<system-out><![CDATA[Given I am on Address Screen................................................passed
When I give the address of the patient......................................passed
And Click on Next...........................................................passed
Then Phone Number Screen must be displayed..................................passed
]]></system-out>
</testcase>
<testcase classname="Scenarios for open MRS application" name="Provide Phone number of the patient" time="0.302">
<system-out><![CDATA[Given I am on Phone Number Screen...........................................passed
When I give the Phone number................................................passed
And Click on Next...........................................................passed
Then Relatives Screen must be displayed.....................................passed
]]></system-out>
</testcase>
<testcase classname="Scenarios for open MRS application" name="Provide Relatives info" time="10.83">
<system-out><![CDATA[Given I am on Relatives Screen..............................................passed
When I give the Relatives info..............................................passed
And Click on Next...........................................................passed
And Click on Confirm........................................................passed
Then Patients Dashboard Page must be displayed..............................passed
]]></system-out>
</testcase>
<testcase classname="Scenarios for open MRS application" name="Find Patient" time="3.575">
<system-out><![CDATA[Given I am on Home Page.....................................................passed
When I click on Find Patient Record.........................................passed
Then Find Patient Record Page must be displayed.............................passed
]]></system-out>
</testcase>
<testcase classname="Scenarios for open MRS application" name="View Patient" time="3.349">
<system-out><![CDATA[Given I am on Find Patient Record Page......................................passed
When I Search by Name.......................................................passed
Then Patients record should be displayed with correct info..................passed
]]></system-out>
</testcase>
<testcase classname="Scenarios for open MRS application" name="Add an attachment to the patient" time="3.145">
<system-out><![CDATA[Given I am on Patients Dashboard Page.......................................passed
When I Click on Attachments.................................................passed
Then Attachments Screen must be displayed...................................passed
]]></system-out>
</testcase>
<testcase classname="Scenarios for open MRS application" name="Add the attachment" time="5.822">
<failure message="Expected condition failed: waiting for element found by By.cssSelector: textarea[placeholder='Enter a note'] to be selected (tried for 5 second(s) with 500 milliseconds interval)&#10;Build info: version: '4.4.0', revision: 'e5c75ed026a'&#10;System info: host: 'DVCINH6099148', ip: '192.168.208.1', os.name: 'Windows 10', os.arch: 'amd64', os.version: '10.0', java.version: '1.8.0_301'&#10;Driver info: org.openqa.selenium.chrome.ChromeDriver&#10;Capabilities {acceptInsecureCerts: false, browserName: chrome, browserVersion: 105.0.5195.102, chrome: {chromedriverVersion: 105.0.5195.52 (412c95e51883..., userDataDir: C:\Users\soumyb\AppData\Loc...}, goog:chromeOptions: {debuggerAddress: localhost:2767}, networkConnectionEnabled: false, pageLoadStrategy: normal, platformName: WINDOWS, proxy: Proxy(), se:cdp: ws://localhost:2767/devtool..., se:cdpVersion: 105.0.5195.102, setWindowRect: true, strictFileInteractability: false, timeouts: {implicit: 0, pageLoad: 300000, script: 30000}, unhandledPromptBehavior: dismiss and notify, webauthn:extension:credBlob: true, webauthn:extension:largeBlob: true, webauthn:virtualAuthenticators: true}&#10;Session ID: 92a4fc83e0a03d2decad2a2b2c49718b" type="org.openqa.selenium.TimeoutException"><![CDATA[Given I am on Attachments Page..............................................passed
When I type for the attachment..............................................failed
Then File must be attached..................................................skipped

StackTrace:
org.openqa.selenium.TimeoutException: Expected condition failed: waiting for element found by By.cssSelector: textarea[placeholder='Enter a note'] to be selected (tried for 5 second(s) with 500 milliseconds interval)
Build info: version: '4.4.0', revision: 'e5c75ed026a'
System info: host: 'DVCINH6099148', ip: '192.168.208.1', os.name: 'Windows 10', os.arch: 'amd64', os.version: '10.0', java.version: '1.8.0_301'
Driver info: org.openqa.selenium.chrome.ChromeDriver
Capabilities {acceptInsecureCerts: false, browserName: chrome, browserVersion: 105.0.5195.102, chrome: {chromedriverVersion: 105.0.5195.52 (412c95e51883..., userDataDir: C:\Users\soumyb\AppData\Loc...}, goog:chromeOptions: {debuggerAddress: localhost:2767}, networkConnectionEnabled: false, pageLoadStrategy: normal, platformName: WINDOWS, proxy: Proxy(), se:cdp: ws://localhost:2767/devtool..., se:cdpVersion: 105.0.5195.102, setWindowRect: true, strictFileInteractability: false, timeouts: {implicit: 0, pageLoad: 300000, script: 30000}, unhandledPromptBehavior: dismiss and notify, webauthn:extension:credBlob: true, webauthn:extension:largeBlob: true, webauthn:virtualAuthenticators: true}
Session ID: 92a4fc83e0a03d2decad2a2b2c49718b
	at org.openqa.selenium.support.ui.WebDriverWait.timeoutException(WebDriverWait.java:87)
	at org.openqa.selenium.support.ui.FluentWait.until(FluentWait.java:231)
	at stepDef.openMrsStep.i_type_for_the_attachment(openMrsStep.java:413)
	at ✽.I type for the attachment(classpath:Feature//openMRS.feature:107)
]]></failure>
</testcase>
<testcase classname="Scenarios for open MRS application" name="Delete a Patient" time="7.602">
<system-out><![CDATA[Given I am on Patients Dashboard Screen.....................................passed
When I click on Delete Patient..............................................passed
And I give the Reason and Submit............................................passed
Then Patient must be Deleted Successfully...................................passed
]]></system-out>
</testcase>
<testcase classname="Scenarios for open MRS application" name="Logout of the application" time="1.508">
<system-out><![CDATA[When I click on Logout......................................................passed
Then I should be logged out of the application successfully.................passed
]]></system-out>
</testcase>
</testsuite>
