<?xml version="1.0" encoding="UTF-8"?>
<testsuite xmlns:xsi="http://www.w3.org/2001/XMLSchema-instance" xsi:noNamespaceSchemaLocation="https://maven.apache.org/surefire/maven-surefire-plugin/xsd/surefire-test-report-3.0.xsd" version="3.0" name="TestSuite" time="83.431" tests="14" errors="0" skipped="0" failures="1">
  <properties>
[...]
</properties>
  <testcase name="runScenario[&quot;Login to Application&quot;, &quot;Scenarios for open MRS application&quot;](1)" classname="runner.JRunnerTest" time="4.745">
    <system-out><![CDATA[
@Login
Scenario: Login to Application                                  # Feature//openMRS.feature:23
  Given I am on MRS Login Page                                  # stepDef.openMrsStep.i_am_on_mrs_login_page()
  When I enter "Admin" and "Admin123" for username and Password # stepDef.openMrsStep.i_enter_and_for_username_and_password(java.lang.String,java.lang.String)
  And Select any Location for the session                       # stepDef.openMrsStep.select_any_location_for_the_session()
  And Click on Login                                            # stepDef.openMrsStep.click_on_login()
  Then Login should be successful                               # stepDef.openMrsStep.login_should_be_successful()
]]></system-out>
    <system-err><![CDATA[SLF4J: Failed to load class "org.slf4j.impl.StaticLoggerBinder".
SLF4J: Defaulting to no-operation (NOP) logger implementation
SLF4J: See http://www.slf4j.org/codes.html#StaticLoggerBinder for further details.
Starting ChromeDriver 105.0.5195.52 (412c95e518836d8a7d97250d62b29c2ae6a26a85-refs/branch-heads/5195@{#853}) on port 63074
Only local connections are allowed.
Please see https://chromedriver.chromium.org/security-considerations for suggestions on keeping ChromeDriver safe.
ChromeDriver was started successfully.
Sep 10, 2022 4:41:52 PM org.openqa.selenium.remote.ProtocolHandshake createSession
INFO: Detected upstream dialect: W3C
Sep 10, 2022 4:41:52 PM org.openqa.selenium.devtools.CdpVersionFinder findNearestMatch
WARNING: Unable to find an exact match for CDP version 105, so returning the closest version found: 104
Sep 10, 2022 4:41:52 PM org.openqa.selenium.devtools.CdpVersionFinder findNearestMatch
INFO: Found CDP implementation for version 105 of 104
]]></system-err>
  </testcase>
  <testcase name="runScenario[&quot;Register Patient&quot;, &quot;Scenarios for open MRS application&quot;](2)" classname="runner.JRunnerTest" time="6.314">
    <system-out><![CDATA[
@Register
Scenario: Register Patient                     # Feature//openMRS.feature:31
  Given I am on MRS Home Page                  # stepDef.openMrsStep.i_am_on_mrs_home_page()
  When I click on Register for a patient       # stepDef.openMrsStep.i_click_on_register_for_a_patient()
  Then Register Patient Page must be displayed # stepDef.openMrsStep.register_patient_page_must_be_displayed()
]]></system-out>
  </testcase>
  <testcase name="runScenario[&quot;Provide Demographics of the patient&quot;, &quot;Scenarios for open MRS application&quot;](3)" classname="runner.JRunnerTest" time="0.691">
    <system-out><![CDATA[
@Register
Scenario: Provide Demographics of the patient # Feature//openMRS.feature:37
  Given I am on Register a patient Page       # stepDef.openMrsStep.i_am_on_register_a_patient_page()
  When I give the patients name               # stepDef.openMrsStep.i_give_the_patients_name()
  And Click on Next                           # stepDef.openMrsStep.click_on_next()
  Then Gender Screen Must be displayed        # stepDef.openMrsStep.gender_screen_must_be_displayed()
]]></system-out>
  </testcase>
  <testcase name="runScenario[&quot;Provide Gender of the Patient&quot;, &quot;Scenarios for open MRS application&quot;](4)" classname="runner.JRunnerTest" time="0.319">
    <system-out><![CDATA[
@Register
Scenario: Provide Gender of the Patient   # Feature//openMRS.feature:44
  Given I am on Gender Screen             # stepDef.openMrsStep.i_am_on_gender_screen()
  When I select Gender                    # stepDef.openMrsStep.i_select_gender()
  And Click on Next                       # stepDef.openMrsStep.click_on_next()
  Then Birthdate Screen must be displayed # stepDef.openMrsStep.birthdate_screen_must_be_displayed()
]]></system-out>
  </testcase>
  <testcase name="runScenario[&quot;Provide Birthdate of the Patient&quot;, &quot;Scenarios for open MRS application&quot;](5)" classname="runner.JRunnerTest" time="0.905">
    <system-out><![CDATA[
@Register
Scenario: Provide Birthdate of the Patient # Feature//openMRS.feature:51
  Given I am on BirthDate Screen           # stepDef.openMrsStep.i_am_on_birth_date_screen()
  When I give the Birth date               # stepDef.openMrsStep.i_give_the_birth_date()
  And Click on Next                        # stepDef.openMrsStep.click_on_next()
  Then Address Screen must be displayed    # stepDef.openMrsStep.address_screen_must_be_displayed()
]]></system-out>
  </testcase>
  <testcase name="runScenario[&quot;Provide address of the patient&quot;, &quot;Scenarios for open MRS application&quot;](6)" classname="runner.JRunnerTest" time="1.121">
    <system-out><![CDATA[
@Register
Scenario: Provide address of the patient     # Feature//openMRS.feature:58
  Given I am on Address Screen               # stepDef.openMrsStep.i_am_on_address_screen()
  When I give the address of the patient     # stepDef.openMrsStep.i_give_the_address_of_the_patient()
  And Click on Next                          # stepDef.openMrsStep.click_on_next()
  Then Phone Number Screen must be displayed # stepDef.openMrsStep.phone_number_screen_must_be_displayed()
]]></system-out>
  </testcase>
  <testcase name="runScenario[&quot;Provide Phone number of the patient&quot;, &quot;Scenarios for open MRS application&quot;](7)" classname="runner.JRunnerTest" time="0.315">
    <system-out><![CDATA[
@Register
Scenario: Provide Phone number of the patient # Feature//openMRS.feature:65
  Given I am on Phone Number Screen           # stepDef.openMrsStep.i_am_on_phone_number_screen()
  When I give the Phone number                # stepDef.openMrsStep.i_give_the_phone_number()
  And Click on Next                           # stepDef.openMrsStep.click_on_next()
  Then Relatives Screen must be displayed     # stepDef.openMrsStep.relatives_screen_must_be_displayed()
]]></system-out>
  </testcase>
  <testcase name="runScenario[&quot;Provide Relatives info&quot;, &quot;Scenarios for open MRS application&quot;](8)" classname="runner.JRunnerTest" time="10.845">
    <system-out><![CDATA[
@Register
Scenario: Provide Relatives info                 # Feature//openMRS.feature:72
  Given I am on Relatives Screen                 # stepDef.openMrsStep.i_am_on_relatives_screen()
  When I give the Relatives info                 # stepDef.openMrsStep.i_give_the_relatives_info()
  And Click on Next                              # stepDef.openMrsStep.click_on_next()
  And Click on Confirm                           # stepDef.openMrsStep.click_on_confirm()
  Then Patients Dashboard Page must be displayed # stepDef.openMrsStep.patients_dashboard_page_must_be_displayed()
]]></system-out>
  </testcase>
  <testcase name="runScenario[&quot;Find Patient&quot;, &quot;Scenarios for open MRS application&quot;](9)" classname="runner.JRunnerTest" time="3.605">
    <system-out><![CDATA[
@Find
Scenario: Find Patient                            # Feature//openMRS.feature:80
  Given I am on Home Page                         # stepDef.openMrsStep.i_am_on_home_page()
  When I click on Find Patient Record             # stepDef.openMrsStep.i_click_on_find_patient_record()
  Then Find Patient Record Page must be displayed # stepDef.openMrsStep.find_patient_record_page_must_be_displayed()
]]></system-out>
  </testcase>
  <testcase name="runScenario[&quot;View Patient&quot;, &quot;Scenarios for open MRS application&quot;](10)" classname="runner.JRunnerTest" time="3.394">
    <system-out><![CDATA[
@View
Scenario: View Patient                                       # Feature//openMRS.feature:86
  Given I am on Find Patient Record Page                     # stepDef.openMrsStep.i_am_on_find_patient_record_page()
  When I Search by Name                                      # stepDef.openMrsStep.i_search_by_name()
  Then Patients record should be displayed with correct info # stepDef.openMrsStep.patients_record_should_be_displayed_with_correct_info()
]]></system-out>
  </testcase>
  <testcase name="runScenario[&quot;Add an attachment to the patient&quot;, &quot;Scenarios for open MRS application&quot;](11)" classname="runner.JRunnerTest" time="3.157">
    <system-out><![CDATA[
@Attachment
Scenario: Add an attachment to the patient  # Feature//openMRS.feature:99
  Given I am on Patients Dashboard Page     # stepDef.openMrsStep.i_am_on_patients_dashboard_page()
  When I Click on Attachments               # stepDef.openMrsStep.i_click_on_attachments()
  Then Attachments Screen must be displayed # stepDef.openMrsStep.attachments_screen_must_be_displayed()
]]></system-out>
  </testcase>
  <testcase name="runScenario[&quot;Add the attachment&quot;, &quot;Scenarios for open MRS application&quot;](12)" classname="runner.JRunnerTest" time="5.863">
    <failure message="Expected condition failed: waiting for element found by By.cssSelector: textarea[placeholder=&apos;Enter a note&apos;] to be selected (tried for 5 second(s) with 500 milliseconds interval)&#10;Build info: version: &apos;4.4.0&apos;, revision: &apos;e5c75ed026a&apos;&#10;System info: host: &apos;DVCINH6099148&apos;, ip: &apos;192.168.208.1&apos;, os.name: &apos;Windows 10&apos;, os.arch: &apos;amd64&apos;, os.version: &apos;10.0&apos;, java.version: &apos;1.8.0_301&apos;&#10;Driver info: org.openqa.selenium.chrome.ChromeDriver&#10;Capabilities {acceptInsecureCerts: false, browserName: chrome, browserVersion: 105.0.5195.102, chrome: {chromedriverVersion: 105.0.5195.52 (412c95e51883..., userDataDir: C:\Users\soumyb\AppData\Loc...}, goog:chromeOptions: {debuggerAddress: localhost:2767}, networkConnectionEnabled: false, pageLoadStrategy: normal, platformName: WINDOWS, proxy: Proxy(), se:cdp: ws://localhost:2767/devtool..., se:cdpVersion: 105.0.5195.102, setWindowRect: true, strictFileInteractability: false, timeouts: {implicit: 0, pageLoad: 300000, script: 30000}, unhandledPromptBehavior: dismiss and notify, webauthn:extension:credBlob: true, webauthn:extension:largeBlob: true, webauthn:virtualAuthenticators: true}&#10;Session ID: 92a4fc83e0a03d2decad2a2b2c49718b" type="org.openqa.selenium.TimeoutException"><![CDATA[org.openqa.selenium.TimeoutException: 
Expected condition failed: waiting for element found by By.cssSelector: textarea[placeholder='Enter a note'] to be selected (tried for 5 second(s) with 500 milliseconds interval)
Build info: version: '4.4.0', revision: 'e5c75ed026a'
System info: host: 'DVCINH6099148', ip: '192.168.208.1', os.name: 'Windows 10', os.arch: 'amd64', os.version: '10.0', java.version: '1.8.0_301'
Driver info: org.openqa.selenium.chrome.ChromeDriver
Capabilities {acceptInsecureCerts: false, browserName: chrome, browserVersion: 105.0.5195.102, chrome: {chromedriverVersion: 105.0.5195.52 (412c95e51883..., userDataDir: C:\Users\soumyb\AppData\Loc...}, goog:chromeOptions: {debuggerAddress: localhost:2767}, networkConnectionEnabled: false, pageLoadStrategy: normal, platformName: WINDOWS, proxy: Proxy(), se:cdp: ws://localhost:2767/devtool..., se:cdpVersion: 105.0.5195.102, setWindowRect: true, strictFileInteractability: false, timeouts: {implicit: 0, pageLoad: 300000, script: 30000}, unhandledPromptBehavior: dismiss and notify, webauthn:extension:credBlob: true, webauthn:extension:largeBlob: true, webauthn:virtualAuthenticators: true}
Session ID: 92a4fc83e0a03d2decad2a2b2c49718b
	at org.openqa.selenium.support.ui.WebDriverWait.timeoutException(WebDriverWait.java:87)
	at org.openqa.selenium.support.ui.FluentWait.until(FluentWait.java:231)
	at stepDef.openMrsStep.i_type_for_the_attachment(openMrsStep.java:413)
	at ✽.I type for the attachment(classpath:Feature//openMRS.feature:107)
]]></failure>
    <system-out><![CDATA[
@Attachment
Scenario: Add the attachment     # Feature//openMRS.feature:105
  Given I am on Attachments Page # stepDef.openMrsStep.i_am_on_attachments_page()
  When I type for the attachment # stepDef.openMrsStep.i_type_for_the_attachment()
      org.openqa.selenium.TimeoutException: Expected condition failed: waiting for element found by By.cssSelector: textarea[placeholder='Enter a note'] to be selected (tried for 5 second(s) with 500 milliseconds interval)
Build info: version: '4.4.0', revision: 'e5c75ed026a'
System info: host: 'DVCINH6099148', ip: '192.168.208.1', os.name: 'Windows 10', os.arch: 'amd64', os.version: '10.0', java.version: '1.8.0_301'
Driver info: org.openqa.selenium.chrome.ChromeDriver
Capabilities {acceptInsecureCerts: false, browserName: chrome, browserVersion: 105.0.5195.102, chrome: {chromedriverVersion: 105.0.5195.52 (412c95e51883..., userDataDir: C:\Users\soumyb\AppData\Loc...}, goog:chromeOptions: {debuggerAddress: localhost:2767}, networkConnectionEnabled: false, pageLoadStrategy: normal, platformName: WINDOWS, proxy: Proxy(), se:cdp: ws://localhost:2767/devtool..., se:cdpVersion: 105.0.5195.102, setWindowRect: true, strictFileInteractability: false, timeouts: {implicit: 0, pageLoad: 300000, script: 30000}, unhandledPromptBehavior: dismiss and notify, webauthn:extension:credBlob: true, webauthn:extension:largeBlob: true, webauthn:virtualAuthenticators: true}
Session ID: 92a4fc83e0a03d2decad2a2b2c49718b
	at org.openqa.selenium.support.ui.WebDriverWait.timeoutException(WebDriverWait.java:87)
	at org.openqa.selenium.support.ui.FluentWait.until(FluentWait.java:231)
	at stepDef.openMrsStep.i_type_for_the_attachment(openMrsStep.java:413)
	at âœ½.I type for the attachment(classpath:Feature//openMRS.feature:107)

  Then File must be attached     # stepDef.openMrsStep.file_must_be_attached()
]]></system-out>
  </testcase>
  <testcase name="runScenario[&quot;Delete a Patient&quot;, &quot;Scenarios for open MRS application&quot;](13)" classname="runner.JRunnerTest" time="7.606">
    <system-out><![CDATA[
@Delete
Scenario: Delete a Patient                  # Feature//openMRS.feature:111
  Given I am on Patients Dashboard Screen   # stepDef.openMrsStep.i_am_on_patients_dashboard_screen()
  When I click on Delete Patient            # stepDef.openMrsStep.i_click_on_delete_patient()
  And I give the Reason and Submit          # stepDef.openMrsStep.i_give_the_reason_and_submit()
  Then Patient must be Deleted Successfully # stepDef.openMrsStep.patient_must_be_deleted_successfully()
]]></system-out>
  </testcase>
  <testcase name="runScenario[&quot;Logout of the application&quot;, &quot;Scenarios for open MRS application&quot;](14)" classname="runner.JRunnerTest" time="1.529">
    <system-out><![CDATA[
@Logout
Scenario: Logout of the application                           # Feature//openMRS.feature:118
  When I click on Logout                                      # stepDef.openMrsStep.i_click_on_logout()
  Then I should be logged out of the application successfully # stepDef.openMrsStep.i_should_be_logged_out_of_the_application_successfully()
]]></system-out>
  </testcase>
</testsuite>