<?xml version="1.0" encoding="UTF-8"?>
<testng-results skipped="0" failed="1" ignored="0" total="14" passed="13">
  <reporter-output>
  </reporter-output>
  <suite name="Suite" duration-ms="82389" started-at="2022-09-10T16:41:47 IST" finished-at="2022-09-10T16:43:09 IST">
    <groups>
      <group name="cucumber">
        <method signature="AbstractTestNGCucumberTests.runScenario(io.cucumber.testng.PickleWrapper,io.cucumber.testng.FeatureWrapper)[pri:0, instance:runner.JRunnerTest@687080dc]" name="runScenario" class="io.cucumber.testng.AbstractTestNGCucumberTests"/>
      </group> <!-- cucumber -->
    </groups>
    <test name="Test" duration-ms="82389" started-at="2022-09-10T16:41:47 IST" finished-at="2022-09-10T16:43:09 IST">
      <class name="runner.JRunnerTest">
        <test-method status="PASS" signature="setUpClass(org.testng.ITestContext)[pri:0, instance:runner.JRunnerTest@687080dc]" name="setUpClass" is-config="true" duration-ms="30656" started-at="2022-09-10T16:41:47 IST" finished-at="2022-09-10T16:42:17 IST">
          <params>
            <param index="0">
              <value>
                <![CDATA[org.testng.TestRunner@277b8fa4]]>
              </value>
            </param>
          </params>
          <reporter-output>
          </reporter-output>
        </test-method> <!-- setUpClass -->
        <test-method status="PASS" signature="runScenario(io.cucumber.testng.PickleWrapper,io.cucumber.testng.FeatureWrapper)[pri:0, instance:runner.JRunnerTest@687080dc]" name="runScenario" duration-ms="4742" started-at="2022-09-10T16:42:17 IST" description="Runs Cucumber Scenarios" data-provider="scenarios" finished-at="2022-09-10T16:42:22 IST">
          <params>
            <param index="0">
              <value>
                <![CDATA["Login to Application"]]>
              </value>
            </param>
            <param index="1">
              <value>
                <![CDATA["Scenarios for open MRS application"]]>
              </value>
            </param>
          </params>
          <reporter-output>
          </reporter-output>
        </test-method> <!-- runScenario -->
        <test-method status="PASS" signature="runScenario(io.cucumber.testng.PickleWrapper,io.cucumber.testng.FeatureWrapper)[pri:0, instance:runner.JRunnerTest@687080dc]" name="runScenario" duration-ms="6315" started-at="2022-09-10T16:42:22 IST" description="Runs Cucumber Scenarios" data-provider="scenarios" finished-at="2022-09-10T16:42:28 IST">
          <params>
            <param index="0">
              <value>
                <![CDATA["Register Patient"]]>
              </value>
            </param>
            <param index="1">
              <value>
                <![CDATA["Scenarios for open MRS application"]]>
              </value>
            </param>
          </params>
          <reporter-output>
          </reporter-output>
        </test-method> <!-- runScenario -->
        <test-method status="PASS" signature="runScenario(io.cucumber.testng.PickleWrapper,io.cucumber.testng.FeatureWrapper)[pri:0, instance:runner.JRunnerTest@687080dc]" name="runScenario" duration-ms="692" started-at="2022-09-10T16:42:28 IST" description="Runs Cucumber Scenarios" data-provider="scenarios" finished-at="2022-09-10T16:42:29 IST">
          <params>
            <param index="0">
              <value>
                <![CDATA["Provide Demographics of the patient"]]>
              </value>
            </param>
            <param index="1">
              <value>
                <![CDATA["Scenarios for open MRS application"]]>
              </value>
            </param>
          </params>
          <reporter-output>
          </reporter-output>
        </test-method> <!-- runScenario -->
        <test-method status="PASS" signature="runScenario(io.cucumber.testng.PickleWrapper,io.cucumber.testng.FeatureWrapper)[pri:0, instance:runner.JRunnerTest@687080dc]" name="runScenario" duration-ms="319" started-at="2022-09-10T16:42:29 IST" description="Runs Cucumber Scenarios" data-provider="scenarios" finished-at="2022-09-10T16:42:29 IST">
          <params>
            <param index="0">
              <value>
                <![CDATA["Provide Gender of the Patient"]]>
              </value>
            </param>
            <param index="1">
              <value>
                <![CDATA["Scenarios for open MRS application"]]>
              </value>
            </param>
          </params>
          <reporter-output>
          </reporter-output>
        </test-method> <!-- runScenario -->
        <test-method status="PASS" signature="runScenario(io.cucumber.testng.PickleWrapper,io.cucumber.testng.FeatureWrapper)[pri:0, instance:runner.JRunnerTest@687080dc]" name="runScenario" duration-ms="903" started-at="2022-09-10T16:42:29 IST" description="Runs Cucumber Scenarios" data-provider="scenarios" finished-at="2022-09-10T16:42:30 IST">
          <params>
            <param index="0">
              <value>
                <![CDATA["Provide Birthdate of the Patient"]]>
              </value>
            </param>
            <param index="1">
              <value>
                <![CDATA["Scenarios for open MRS application"]]>
              </value>
            </param>
          </params>
          <reporter-output>
          </reporter-output>
        </test-method> <!-- runScenario -->
        <test-method status="PASS" signature="runScenario(io.cucumber.testng.PickleWrapper,io.cucumber.testng.FeatureWrapper)[pri:0, instance:runner.JRunnerTest@687080dc]" name="runScenario" duration-ms="1122" started-at="2022-09-10T16:42:30 IST" description="Runs Cucumber Scenarios" data-provider="scenarios" finished-at="2022-09-10T16:42:31 IST">
          <params>
            <param index="0">
              <value>
                <![CDATA["Provide address of the patient"]]>
              </value>
            </param>
            <param index="1">
              <value>
                <![CDATA["Scenarios for open MRS application"]]>
              </value>
            </param>
          </params>
          <reporter-output>
          </reporter-output>
        </test-method> <!-- runScenario -->
        <test-method status="PASS" signature="runScenario(io.cucumber.testng.PickleWrapper,io.cucumber.testng.FeatureWrapper)[pri:0, instance:runner.JRunnerTest@687080dc]" name="runScenario" duration-ms="315" started-at="2022-09-10T16:42:31 IST" description="Runs Cucumber Scenarios" data-provider="scenarios" finished-at="2022-09-10T16:42:32 IST">
          <params>
            <param index="0">
              <value>
                <![CDATA["Provide Phone number of the patient"]]>
              </value>
            </param>
            <param index="1">
              <value>
                <![CDATA["Scenarios for open MRS application"]]>
              </value>
            </param>
          </params>
          <reporter-output>
          </reporter-output>
        </test-method> <!-- runScenario -->
        <test-method status="PASS" signature="runScenario(io.cucumber.testng.PickleWrapper,io.cucumber.testng.FeatureWrapper)[pri:0, instance:runner.JRunnerTest@687080dc]" name="runScenario" duration-ms="10844" started-at="2022-09-10T16:42:32 IST" description="Runs Cucumber Scenarios" data-provider="scenarios" finished-at="2022-09-10T16:42:43 IST">
          <params>
            <param index="0">
              <value>
                <![CDATA["Provide Relatives info"]]>
              </value>
            </param>
            <param index="1">
              <value>
                <![CDATA["Scenarios for open MRS application"]]>
              </value>
            </param>
          </params>
          <reporter-output>
          </reporter-output>
        </test-method> <!-- runScenario -->
        <test-method status="PASS" signature="runScenario(io.cucumber.testng.PickleWrapper,io.cucumber.testng.FeatureWrapper)[pri:0, instance:runner.JRunnerTest@687080dc]" name="runScenario" duration-ms="3603" started-at="2022-09-10T16:42:43 IST" description="Runs Cucumber Scenarios" data-provider="scenarios" finished-at="2022-09-10T16:42:46 IST">
          <params>
            <param index="0">
              <value>
                <![CDATA["Find Patient"]]>
              </value>
            </param>
            <param index="1">
              <value>
                <![CDATA["Scenarios for open MRS application"]]>
              </value>
            </param>
          </params>
          <reporter-output>
          </reporter-output>
        </test-method> <!-- runScenario -->
        <test-method status="PASS" signature="runScenario(io.cucumber.testng.PickleWrapper,io.cucumber.testng.FeatureWrapper)[pri:0, instance:runner.JRunnerTest@687080dc]" name="runScenario" duration-ms="3367" started-at="2022-09-10T16:42:46 IST" description="Runs Cucumber Scenarios" data-provider="scenarios" finished-at="2022-09-10T16:42:49 IST">
          <params>
            <param index="0">
              <value>
                <![CDATA["View Patient"]]>
              </value>
            </param>
            <param index="1">
              <value>
                <![CDATA["Scenarios for open MRS application"]]>
              </value>
            </param>
          </params>
          <reporter-output>
          </reporter-output>
        </test-method> <!-- runScenario -->
        <test-method status="PASS" signature="runScenario(io.cucumber.testng.PickleWrapper,io.cucumber.testng.FeatureWrapper)[pri:0, instance:runner.JRunnerTest@687080dc]" name="runScenario" duration-ms="3182" started-at="2022-09-10T16:42:49 IST" description="Runs Cucumber Scenarios" data-provider="scenarios" finished-at="2022-09-10T16:42:53 IST">
          <params>
            <param index="0">
              <value>
                <![CDATA["Add an attachment to the patient"]]>
              </value>
            </param>
            <param index="1">
              <value>
                <![CDATA["Scenarios for open MRS application"]]>
              </value>
            </param>
          </params>
          <reporter-output>
          </reporter-output>
        </test-method> <!-- runScenario -->
        <test-method status="FAIL" signature="runScenario(io.cucumber.testng.PickleWrapper,io.cucumber.testng.FeatureWrapper)[pri:0, instance:runner.JRunnerTest@687080dc]" name="runScenario" duration-ms="5841" started-at="2022-09-10T16:42:53 IST" description="Runs Cucumber Scenarios" data-provider="scenarios" finished-at="2022-09-10T16:42:59 IST">
          <params>
            <param index="0">
              <value>
                <![CDATA["Add the attachment"]]>
              </value>
            </param>
            <param index="1">
              <value>
                <![CDATA["Scenarios for open MRS application"]]>
              </value>
            </param>
          </params>
          <exception class="org.openqa.selenium.TimeoutException">
            <message>
              <![CDATA[Expected condition failed: waiting for element found by By.cssSelector: textarea[placeholder='Enter a note'] to be selected (tried for 5 second(s) with 500 milliseconds interval)
Build info: version: '4.4.0', revision: 'e5c75ed026a'
System info: host: 'DVCINH6099148', ip: '192.168.208.1', os.name: 'Windows 10', os.arch: 'amd64', os.version: '10.0', java.version: '1.8.0_301'
Driver info: org.openqa.selenium.chrome.ChromeDriver
Capabilities {acceptInsecureCerts: false, browserName: chrome, browserVersion: 105.0.5195.102, chrome: {chromedriverVersion: 105.0.5195.52 (412c95e51883..., userDataDir: C:\Users\soumyb\AppData\Loc...}, goog:chromeOptions: {debuggerAddress: localhost:2767}, networkConnectionEnabled: false, pageLoadStrategy: normal, platformName: WINDOWS, proxy: Proxy(), se:cdp: ws://localhost:2767/devtool..., se:cdpVersion: 105.0.5195.102, setWindowRect: true, strictFileInteractability: false, timeouts: {implicit: 0, pageLoad: 300000, script: 30000}, unhandledPromptBehavior: dismiss and notify, webauthn:extension:credBlob: true, webauthn:extension:largeBlob: true, webauthn:virtualAuthenticators: true}
Session ID: 92a4fc83e0a03d2decad2a2b2c49718b]]>
            </message>
            <full-stacktrace>
              <![CDATA[org.openqa.selenium.TimeoutException: Expected condition failed: waiting for element found by By.cssSelector: textarea[placeholder='Enter a note'] to be selected (tried for 5 second(s) with 500 milliseconds interval)
Build info: version: '4.4.0', revision: 'e5c75ed026a'
System info: host: 'DVCINH6099148', ip: '192.168.208.1', os.name: 'Windows 10', os.arch: 'amd64', os.version: '10.0', java.version: '1.8.0_301'
Driver info: org.openqa.selenium.chrome.ChromeDriver
Capabilities {acceptInsecureCerts: false, browserName: chrome, browserVersion: 105.0.5195.102, chrome: {chromedriverVersion: 105.0.5195.52 (412c95e51883..., userDataDir: C:\Users\soumyb\AppData\Loc...}, goog:chromeOptions: {debuggerAddress: localhost:2767}, networkConnectionEnabled: false, pageLoadStrategy: normal, platformName: WINDOWS, proxy: Proxy(), se:cdp: ws://localhost:2767/devtool..., se:cdpVersion: 105.0.5195.102, setWindowRect: true, strictFileInteractability: false, timeouts: {implicit: 0, pageLoad: 300000, script: 30000}, unhandledPromptBehavior: dismiss and notify, webauthn:extension:credBlob: true, webauthn:extension:largeBlob: true, webauthn:virtualAuthenticators: true}
Session ID: 92a4fc83e0a03d2decad2a2b2c49718b
at org.openqa.selenium.support.ui.WebDriverWait.timeoutException(WebDriverWait.java:87)
at org.openqa.selenium.support.ui.FluentWait.until(FluentWait.java:231)
at stepDef.openMrsStep.i_type_for_the_attachment(openMrsStep.java:413)
at ✽.I type for the attachment(classpath:Feature//openMRS.feature:107)
]]>
            </full-stacktrace>
          </exception> <!-- org.openqa.selenium.TimeoutException -->
          <reporter-output>
          </reporter-output>
        </test-method> <!-- runScenario -->
        <test-method status="PASS" signature="runScenario(io.cucumber.testng.PickleWrapper,io.cucumber.testng.FeatureWrapper)[pri:0, instance:runner.JRunnerTest@687080dc]" name="runScenario" duration-ms="7618" started-at="2022-09-10T16:42:59 IST" description="Runs Cucumber Scenarios" data-provider="scenarios" finished-at="2022-09-10T16:43:06 IST">
          <params>
            <param index="0">
              <value>
                <![CDATA["Delete a Patient"]]>
              </value>
            </param>
            <param index="1">
              <value>
                <![CDATA["Scenarios for open MRS application"]]>
              </value>
            </param>
          </params>
          <reporter-output>
          </reporter-output>
        </test-method> <!-- runScenario -->
        <test-method status="PASS" signature="runScenario(io.cucumber.testng.PickleWrapper,io.cucumber.testng.FeatureWrapper)[pri:0, instance:runner.JRunnerTest@687080dc]" name="runScenario" duration-ms="1525" started-at="2022-09-10T16:43:06 IST" description="Runs Cucumber Scenarios" data-provider="scenarios" finished-at="2022-09-10T16:43:08 IST">
          <params>
            <param index="0">
              <value>
                <![CDATA["Logout of the application"]]>
              </value>
            </param>
            <param index="1">
              <value>
                <![CDATA["Scenarios for open MRS application"]]>
              </value>
            </param>
          </params>
          <reporter-output>
          </reporter-output>
        </test-method> <!-- runScenario -->
        <test-method status="PASS" signature="tearDownClass()[pri:0, instance:runner.JRunnerTest@687080dc]" name="tearDownClass" is-config="true" duration-ms="1221" started-at="2022-09-10T16:43:08 IST" finished-at="2022-09-10T16:43:09 IST">
          <reporter-output>
          </reporter-output>
        </test-method> <!-- tearDownClass -->
      </class> <!-- runner.JRunnerTest -->
    </test> <!-- Test -->
  </suite> <!-- Suite -->
</testng-results>
